<html>
<body>
<pre>
<h1>µVision Build Log</h1>
<h2>Tool Versions:</h2>
IDE-Version: µVision V5.42.0.0
Copyright (C) 2025 ARM Ltd and ARM Germany GmbH. All rights reserved.
License Information: Tolgahan Keles, Abdullah Gul University, LIC=----
 
Tool Versions:
Toolchain:       MDK-Lite  Version: 5.42.0.0
Toolchain Path:  C:\Users\Tolgahan\AppData\Local\Keil_v5\ARM\ARMCLANG\Bin
C Compiler:      ArmClang.exe V6.23
Assembler:       Armasm.exe V6.23
Linker/Locator:  ArmLink.exe V6.23
Library Manager: ArmAr.exe V6.23
Hex Converter:   FromElf.exe V6.23
CPU DLL:         SARMCM3.DLL V5.42.0.0
Dialog DLL:      DCM.DLL V1.17.5.0
Target DLL:      UL2CM3.DLL V1.164.14.0
Dialog DLL:      TCM.DLL V1.56.6.0
 
<h2>Project:</h2>
D:\projects\EE304\term-project\biktim2\MDK-ARM\biktim2.uvprojx
Project File Date:  05/07/2025

<h2>Output:</h2>
*** Using Compiler 'V6.23', folder: 'C:\Users\Tolgahan\AppData\Local\Keil_v5\ARM\ARMCLANG\Bin'
Rebuild target 'biktim2'
../Core/Src/main.c(20): error: 'main.h' file not found
   20 | #include "main.h"
      |          ^~~~~~~~
1 error generated.
compiling main.c...
../Drivers/STM32F1xx_HAL_Driver/Src/stm32f1xx_hal_gpio_ex.c(40): error: 'stm32f1xx_hal.h' file not found
   40 | #include "stm32f1xx_hal.h"
      |          ^~~~~~~~~~~~~~~~~
1 error generated.
compiling stm32f1xx_hal_gpio_ex.c...
assembling startup_stm32f103x6.s...
../Core/Src/freertos.c(21): error: 'FreeRTOS.h' file not found
   21 | #include "FreeRTOS.h"
      |          ^~~~~~~~~~~~
1 error generated.
compiling freertos.c...
../Core/Src/stm32f1xx_hal_msp.c(22): error: 'main.h' file not found
   22 | #include "main.h"
      |          ^~~~~~~~
1 error generated.
compiling stm32f1xx_hal_msp.c...
../Core/Src/stm32f1xx_it.c(21): error: 'main.h' file not found
   21 | #include "main.h"
      |          ^~~~~~~~
1 error generated.
compiling stm32f1xx_it.c...
../Core/Src/stm32f1xx_hal_timebase_tim.c(21): error: 'stm32f1xx_hal.h' file not found
   21 | #include "stm32f1xx_hal.h"
      |          ^~~~~~~~~~~~~~~~~
1 error generated.
compiling stm32f1xx_hal_timebase_tim.c...
../Drivers/STM32F1xx_HAL_Driver/Src/stm32f1xx_hal_tim.c(186): error: 'stm32f1xx_hal.h' file not found
  186 | #include "stm32f1xx_hal.h"
      |          ^~~~~~~~~~~~~~~~~
1 error generated.
compiling stm32f1xx_hal_tim.c...
../Drivers/STM32F1xx_HAL_Driver/Src/stm32f1xx_hal_tim_ex.c(81): error: 'stm32f1xx_hal.h' file not found
   81 | #include "stm32f1xx_hal.h"
      |          ^~~~~~~~~~~~~~~~~
1 error generated.
compiling stm32f1xx_hal_tim_ex.c...
../Drivers/STM32F1xx_HAL_Driver/Src/stm32f1xx_hal.c(36): error: 'stm32f1xx_hal.h' file not found
   36 | #include "stm32f1xx_hal.h"
      |          ^~~~~~~~~~~~~~~~~
1 error generated.
compiling stm32f1xx_hal.c...
../Drivers/STM32F1xx_HAL_Driver/Src/stm32f1xx_hal_rcc.c(61): error: 'stm32f1xx_hal.h' file not found
   61 | #include "stm32f1xx_hal.h"
      |          ^~~~~~~~~~~~~~~~~
1 error generated.
compiling stm32f1xx_hal_rcc.c...
../Drivers/STM32F1xx_HAL_Driver/Src/stm32f1xx_hal_rcc_ex.c(23): error: 'stm32f1xx_hal.h' file not found
   23 | #include "stm32f1xx_hal.h"
      |          ^~~~~~~~~~~~~~~~~
1 error generated.
compiling stm32f1xx_hal_rcc_ex.c...
../Drivers/STM32F1xx_HAL_Driver/Src/stm32f1xx_hal_gpio.c(105): error: 'stm32f1xx_hal.h' file not found
  105 | #include "stm32f1xx_hal.h"
      |          ^~~~~~~~~~~~~~~~~
1 error generated.
compiling stm32f1xx_hal_gpio.c...
../Drivers/STM32F1xx_HAL_Driver/Src/stm32f1xx_hal_dma.c(84): error: 'stm32f1xx_hal.h' file not found
   84 | #include "stm32f1xx_hal.h"
      |          ^~~~~~~~~~~~~~~~~
1 error generated.
compiling stm32f1xx_hal_dma.c...
../Drivers/STM32F1xx_HAL_Driver/Src/stm32f1xx_hal_cortex.c(82): error: 'stm32f1xx_hal.h' file not found
   82 | #include "stm32f1xx_hal.h"
      |          ^~~~~~~~~~~~~~~~~
1 error generated.
compiling stm32f1xx_hal_cortex.c...
../Drivers/STM32F1xx_HAL_Driver/Src/stm32f1xx_hal_pwr.c(26): error: 'stm32f1xx_hal.h' file not found
   26 | #include "stm32f1xx_hal.h"
      |          ^~~~~~~~~~~~~~~~~
1 error generated.
compiling stm32f1xx_hal_pwr.c...
../Drivers/STM32F1xx_HAL_Driver/Src/stm32f1xx_hal_flash.c(83): error: 'stm32f1xx_hal.h' file not found
   83 | #include "stm32f1xx_hal.h"
      |          ^~~~~~~~~~~~~~~~~
1 error generated.
compiling stm32f1xx_hal_flash.c...
../Drivers/STM32F1xx_HAL_Driver/Src/stm32f1xx_hal_flash_ex.c(41): error: 'stm32f1xx_hal.h' file not found
   41 | #include "stm32f1xx_hal.h"
      |          ^~~~~~~~~~~~~~~~~
1 error generated.
compiling stm32f1xx_hal_flash_ex.c...
../Drivers/STM32F1xx_HAL_Driver/Src/stm32f1xx_hal_exti.c(86): error: 'stm32f1xx_hal.h' file not found
   86 | #include "stm32f1xx_hal.h"
      |          ^~~~~~~~~~~~~~~~~
1 error generated.
compiling stm32f1xx_hal_exti.c...
../Core/Src/system_stm32f1xx.c(58): error: 'stm32f1xx.h' file not found
   58 | #include "stm32f1xx.h"
      |          ^~~~~~~~~~~~~
1 error generated.
compiling system_stm32f1xx.c...
../Middlewares/Third_Party/FreeRTOS/Source/croutine.c(28): error: 'FreeRTOS.h' file not found
   28 | #include "FreeRTOS.h"
      |          ^~~~~~~~~~~~
1 error generated.
compiling croutine.c...
../Middlewares/Third_Party/FreeRTOS/Source/event_groups.c(37): error: 'FreeRTOS.h' file not found
   37 | #include "FreeRTOS.h"
      |          ^~~~~~~~~~~~
1 error generated.
compiling event_groups.c...
../Middlewares/Third_Party/FreeRTOS/Source/list.c(30): error: 'FreeRTOS.h' file not found
   30 | #include "FreeRTOS.h"
      |          ^~~~~~~~~~~~
1 error generated.
compiling list.c...
../Middlewares/Third_Party/FreeRTOS/Source/queue.c(36): error: 'FreeRTOS.h' file not found
   36 | #include "FreeRTOS.h"
      |          ^~~~~~~~~~~~
1 error generated.
compiling queue.c...
../Middlewares/Third_Party/FreeRTOS/Source/stream_buffer.c(38): error: 'FreeRTOS.h' file not found
   38 | #include "FreeRTOS.h"
      |          ^~~~~~~~~~~~
1 error generated.
compiling stream_buffer.c...
../Middlewares/Third_Party/FreeRTOS/Source/tasks.c(38): error: 'FreeRTOS.h' file not found
   38 | #include "FreeRTOS.h"
      |          ^~~~~~~~~~~~
1 error generated.
compiling tasks.c...
../Middlewares/Third_Party/FreeRTOS/Source/timers.c(36): error: 'FreeRTOS.h' file not found
   36 | #include "FreeRTOS.h"
      |          ^~~~~~~~~~~~
1 error generated.
compiling timers.c...
../Middlewares/Third_Party/FreeRTOS/Source/portable/MemMang/heap_4.c(43): error: 'FreeRTOS.h' file not found
   43 | #include "FreeRTOS.h"
      |          ^~~~~~~~~~~~
1 error generated.
compiling heap_4.c...
../Middlewares/Third_Party/FreeRTOS/Source/CMSIS_RTOS/cmsis_os.c(57): warning: In file included from...
../Middlewares/Third_Party/FreeRTOS/Source/CMSIS_RTOS\cmsis_os.h(56): error: 'FreeRTOS.h' file not found
   56 | #include "FreeRTOS.h"
      |          ^~~~~~~~~~~~
1 error generated.
compiling cmsis_os.c...
../Middlewares/Third_Party/FreeRTOS/Source/portable/RVDS/ARM_CM3/port.c(34): error: 'FreeRTOS.h' file not found
   34 | #include "FreeRTOS.h"
      |          ^~~~~~~~~~~~
1 error generated.
compiling port.c...
".\biktim2.axf" - 29 Error(s), 0 Warning(s).

<h2>Software Packages used:</h2>

Package Vendor: ARM
                https://www.keil.com/pack/ARM.CMSIS.6.1.0.pack
                ARM::CMSIS@6.1.0
                CMSIS (Common Microcontroller Software Interface Standard)
   * Component: CORE Version: 6.1.0

Package Vendor: Keil
                https://www.keil.com/pack/Keil.STM32F1xx_DFP.2.4.1.pack
                Keil::STM32F1xx_DFP@2.4.1
                STMicroelectronics STM32F1 Series Device Support, Drivers and Examples

<h2>Collection of Component include folders:</h2>
  ./RTE/_biktim2
  C:/Users/Tolgahan/AppData/Local/Arm/Packs/ARM/CMSIS/6.1.0/CMSIS/Core/Include
  C:/Users/Tolgahan/AppData/Local/Arm/Packs/Keil/STM32F1xx_DFP/2.4.1/Device/Include

<h2>Collection of Component Files used:</h2>

   * Component: ARM::CMSIS:CORE@6.1.0
      Include file:  CMSIS/Core/Include/tz_context.h
Target not created.
Build Time Elapsed:  00:00:01
</pre>
</body>
</html>
